2025-09-13 21:34:16 | INFO | Logging to file: logs/project_log.log
2025-09-13 21:34:16 | INFO | Log sanitization enabled, personal info removed
2025-09-13 21:34:16 | INFO | Project root: C:/Users/USER/Documents/buzzline-04-anjana
2025-09-13 21:34:16 | INFO | Data folder: C:/Users/USER/Documents/buzzline-04-anjana/data
2025-09-13 21:34:16 | INFO | Data file: C:/Users/USER/Documents/buzzline-04-anjana/data/buzz_live.json
2025-09-13 21:34:16 | INFO | START producer...
2025-09-13 21:34:16 | INFO | Hit CTRL c (or CMD c) to close.
2025-09-13 21:34:16 | INFO | Message interval: 3 seconds
2025-09-13 21:34:16 | INFO | {'message': 'I just saw a story! It was boring.', 'author': 'Bob'}
2025-09-13 21:34:19 | INFO | {'message': 'I just found a trick! It was weird.', 'author': 'Eve'}
2025-09-13 21:34:22 | INFO | {'message': 'I just saw a trick! It was funny.', 'author': 'Charlie'}
2025-09-13 21:34:25 | INFO | {'message': 'I just found an app! It was boring.', 'author': 'Alice'}
2025-09-13 21:34:28 | INFO | {'message': 'I just found a meme! It was weird.', 'author': 'Bob'}
2025-09-13 21:34:31 | INFO | {'message': 'I just found a trick! It was boring.', 'author': 'Eve'}
2025-09-13 21:34:34 | INFO | {'message': 'I just saw a movie! It was weird.', 'author': 'Alice'}
2025-09-13 21:34:37 | INFO | {'message': 'I just shared a meme! It was funny.', 'author': 'Bob'}
2025-09-13 21:34:40 | INFO | Logging to file: logs/project_log.log
2025-09-13 21:34:40 | INFO | Log sanitization enabled, personal info removed
2025-09-13 21:34:40 | INFO | Project root: C:/Users/USER/Documents/buzzline-04-anjana
2025-09-13 21:34:40 | INFO | Data folder: C:/Users/USER/Documents/buzzline-04-anjana/data
2025-09-13 21:34:40 | INFO | Data file: C:/Users/USER/Documents/buzzline-04-anjana/data/buzz_live.json
2025-09-13 21:34:40 | INFO | {'message': 'I just tried a story! It was funny.', 'author': 'Alice'}
2025-09-13 21:34:41 | INFO | START consumer.
2025-09-13 21:34:43 | WARNING | Producer interrupted by user.
2025-09-13 21:34:43 | INFO | Producer shutting down.
2025-09-13 21:35:07 | INFO | Logging to file: logs/project_log.log
2025-09-13 21:35:07 | INFO | Log sanitization enabled, personal info removed
2025-09-13 21:35:07 | INFO | Project root: C:/Users/USER/Documents/buzzline-04-anjana
2025-09-13 21:35:07 | INFO | Data folder: C:/Users/USER/Documents/buzzline-04-anjana/data
2025-09-13 21:35:07 | INFO | Data file: C:/Users/USER/Documents/buzzline-04-anjana/data/buzz_live.json
2025-09-13 21:35:07 | INFO | START producer...
2025-09-13 21:35:07 | INFO | Hit CTRL c (or CMD c) to close.
2025-09-13 21:35:07 | INFO | Message interval: 3 seconds
2025-09-13 21:35:07 | INFO | {'message': 'I just loved a movie! It was boring.', 'author': 'Charlie'}
2025-09-13 21:35:07 | INFO | Processed JSON message: {'message': 'I just loved a movie! It was boring.', 'author': 'Charlie'}
2025-09-13 21:35:07 | INFO | Message received from author: Charlie
2025-09-13 21:35:07 | INFO | Updated author counts: {'Charlie': 1}
2025-09-13 21:35:07 | INFO | Chart updated successfully for message: {"message": "I just loved a movie! It was boring.", "author": "Charlie"}

2025-09-13 21:35:10 | INFO | {'message': 'I just loved a story! It was exciting.', 'author': 'Charlie'}
2025-09-13 21:35:10 | INFO | Processed JSON message: {'message': 'I just loved a story! It was exciting.', 'author': 'Charlie'}
2025-09-13 21:35:10 | INFO | Message received from author: Charlie
2025-09-13 21:35:10 | INFO | Updated author counts: {'Charlie': 2}
2025-09-13 21:35:10 | INFO | Chart updated successfully for message: {"message": "I just loved a story! It was exciting.", "author": "Charlie"}

2025-09-13 21:35:13 | INFO | {'message': 'I just saw a movie! It was amazing.', 'author': 'Charlie'}
2025-09-13 21:35:13 | INFO | Processed JSON message: {'message': 'I just saw a movie! It was amazing.', 'author': 'Charlie'}
2025-09-13 21:35:13 | INFO | Message received from author: Charlie
2025-09-13 21:35:13 | INFO | Updated author counts: {'Charlie': 3}
2025-09-13 21:35:13 | INFO | Chart updated successfully for message: {"message": "I just saw a movie! It was amazing.", "author": "Charlie"}

2025-09-13 21:35:16 | INFO | {'message': 'I just found a trick! It was weird.', 'author': 'Charlie'}
2025-09-13 21:35:16 | INFO | Processed JSON message: {'message': 'I just found a trick! It was weird.', 'author': 'Charlie'}
2025-09-13 21:35:16 | INFO | Message received from author: Charlie
2025-09-13 21:35:16 | INFO | Updated author counts: {'Charlie': 4}
2025-09-13 21:35:16 | INFO | Chart updated successfully for message: {"message": "I just found a trick! It was weird.", "author": "Charlie"}

2025-09-13 21:35:19 | INFO | {'message': 'I just found an app! It was boring.', 'author': 'Bob'}
2025-09-13 21:35:19 | INFO | Processed JSON message: {'message': 'I just found an app! It was boring.', 'author': 'Bob'}
2025-09-13 21:35:19 | INFO | Message received from author: Bob
2025-09-13 21:35:19 | INFO | Updated author counts: {'Charlie': 4, 'Bob': 1}
2025-09-13 21:35:19 | INFO | Chart updated successfully for message: {"message": "I just found an app! It was boring.", "author": "Bob"}

2025-09-13 21:35:22 | INFO | {'message': 'I just found a meme! It was funny.', 'author': 'Alice'}
2025-09-13 21:35:22 | INFO | Processed JSON message: {'message': 'I just found a meme! It was funny.', 'author': 'Alice'}
2025-09-13 21:35:22 | INFO | Message received from author: Alice
2025-09-13 21:35:22 | INFO | Updated author counts: {'Charlie': 4, 'Bob': 1, 'Alice': 1}
2025-09-13 21:35:22 | INFO | Chart updated successfully for message: {"message": "I just found a meme! It was funny.", "author": "Alice"}

2025-09-13 21:35:25 | INFO | {'message': 'I just shared a trick! It was boring.', 'author': 'Bob'}
2025-09-13 21:35:25 | INFO | Processed JSON message: {'message': 'I just shared a trick! It was boring.', 'author': 'Bob'}
2025-09-13 21:35:25 | INFO | Message received from author: Bob
2025-09-13 21:35:25 | INFO | Updated author counts: {'Charlie': 4, 'Bob': 2, 'Alice': 1}
2025-09-13 21:35:25 | INFO | Chart updated successfully for message: {"message": "I just shared a trick! It was boring.", "author": "Bob"}

2025-09-13 21:35:28 | INFO | {'message': 'I just tried a trick! It was exciting.', 'author': 'Eve'}
2025-09-13 21:35:28 | INFO | Processed JSON message: {'message': 'I just tried a trick! It was exciting.', 'author': 'Eve'}
2025-09-13 21:35:28 | INFO | Message received from author: Eve
2025-09-13 21:35:28 | INFO | Updated author counts: {'Charlie': 4, 'Bob': 2, 'Alice': 1, 'Eve': 1}
2025-09-13 21:35:28 | INFO | Chart updated successfully for message: {"message": "I just tried a trick! It was exciting.", "author": "Eve"}

2025-09-13 21:35:31 | INFO | {'message': 'I just found a trick! It was funny.', 'author': 'Alice'}
2025-09-13 21:35:31 | INFO | Processed JSON message: {'message': 'I just found a trick! It was funny.', 'author': 'Alice'}
2025-09-13 21:35:31 | INFO | Message received from author: Alice
2025-09-13 21:35:31 | INFO | Updated author counts: {'Charlie': 4, 'Bob': 2, 'Alice': 2, 'Eve': 1}
2025-09-13 21:35:31 | INFO | Chart updated successfully for message: {"message": "I just found a trick! It was funny.", "author": "Alice"}

2025-09-13 21:35:34 | INFO | {'message': 'I just loved a trick! It was amazing.', 'author': 'Alice'}
2025-09-13 21:35:34 | INFO | Processed JSON message: {'message': 'I just loved a trick! It was amazing.', 'author': 'Alice'}
2025-09-13 21:35:34 | INFO | Message received from author: Alice
2025-09-13 21:35:34 | INFO | Updated author counts: {'Charlie': 4, 'Bob': 2, 'Alice': 3, 'Eve': 1}
2025-09-13 21:35:34 | INFO | Chart updated successfully for message: {"message": "I just loved a trick! It was amazing.", "author": "Alice"}

2025-09-13 21:35:37 | INFO | {'message': 'I just shared a movie! It was amazing.', 'author': 'Charlie'}
2025-09-13 21:35:37 | INFO | Processed JSON message: {'message': 'I just shared a movie! It was amazing.', 'author': 'Charlie'}
2025-09-13 21:35:37 | INFO | Message received from author: Charlie
2025-09-13 21:35:37 | INFO | Updated author counts: {'Charlie': 5, 'Bob': 2, 'Alice': 3, 'Eve': 1}
2025-09-13 21:35:37 | INFO | Chart updated successfully for message: {"message": "I just shared a movie! It was amazing.", "author": "Charlie"}

2025-09-13 21:35:40 | INFO | {'message': 'I just saw a trick! It was weird.', 'author': 'Eve'}
2025-09-13 21:35:40 | INFO | Processed JSON message: {'message': 'I just saw a trick! It was weird.', 'author': 'Eve'}
2025-09-13 21:35:40 | INFO | Message received from author: Eve
2025-09-13 21:35:40 | INFO | Updated author counts: {'Charlie': 5, 'Bob': 2, 'Alice': 3, 'Eve': 2}
2025-09-13 21:35:40 | INFO | Chart updated successfully for message: {"message": "I just saw a trick! It was weird.", "author": "Eve"}

2025-09-13 21:35:43 | INFO | {'message': 'I just saw an app! It was funny.', 'author': 'Bob'}
2025-09-13 21:35:43 | INFO | Processed JSON message: {'message': 'I just saw an app! It was funny.', 'author': 'Bob'}
2025-09-13 21:35:43 | INFO | Message received from author: Bob
2025-09-13 21:35:43 | INFO | Updated author counts: {'Charlie': 5, 'Bob': 3, 'Alice': 3, 'Eve': 2}
2025-09-13 21:35:43 | INFO | Chart updated successfully for message: {"message": "I just saw an app! It was funny.", "author": "Bob"}

2025-09-13 21:35:46 | INFO | {'message': 'I just found an app! It was boring.', 'author': 'Eve'}
2025-09-13 21:35:46 | INFO | Processed JSON message: {'message': 'I just found an app! It was boring.', 'author': 'Eve'}
2025-09-13 21:35:46 | INFO | Message received from author: Eve
2025-09-13 21:35:46 | INFO | Updated author counts: {'Charlie': 5, 'Bob': 3, 'Alice': 3, 'Eve': 3}
2025-09-13 21:35:46 | INFO | Chart updated successfully for message: {"message": "I just found an app! It was boring.", "author": "Eve"}

2025-09-13 21:35:49 | INFO | {'message': 'I just loved a trick! It was exciting.', 'author': 'Charlie'}
2025-09-13 21:35:49 | INFO | Processed JSON message: {'message': 'I just loved a trick! It was exciting.', 'author': 'Charlie'}
2025-09-13 21:35:49 | INFO | Message received from author: Charlie
2025-09-13 21:35:49 | INFO | Updated author counts: {'Charlie': 6, 'Bob': 3, 'Alice': 3, 'Eve': 3}
2025-09-13 21:35:49 | INFO | Chart updated successfully for message: {"message": "I just loved a trick! It was exciting.", "author": "Charlie"}

2025-09-13 21:35:52 | INFO | {'message': 'I just loved a movie! It was exciting.', 'author': 'Charlie'}
2025-09-13 21:35:52 | INFO | Processed JSON message: {'message': 'I just loved a movie! It was exciting.', 'author': 'Charlie'}
2025-09-13 21:35:52 | INFO | Message received from author: Charlie
2025-09-13 21:35:52 | INFO | Updated author counts: {'Charlie': 7, 'Bob': 3, 'Alice': 3, 'Eve': 3}
2025-09-13 21:35:52 | INFO | Chart updated successfully for message: {"message": "I just loved a movie! It was exciting.", "author": "Charlie"}

2025-09-13 21:35:55 | INFO | {'message': 'I just tried a movie! It was boring.', 'author': 'Charlie'}
2025-09-13 21:35:55 | INFO | Processed JSON message: {'message': 'I just tried a movie! It was boring.', 'author': 'Charlie'}
2025-09-13 21:35:55 | INFO | Message received from author: Charlie
2025-09-13 21:35:55 | INFO | Updated author counts: {'Charlie': 8, 'Bob': 3, 'Alice': 3, 'Eve': 3}
2025-09-13 21:35:55 | INFO | Chart updated successfully for message: {"message": "I just tried a movie! It was boring.", "author": "Charlie"}

2025-09-13 21:35:58 | INFO | {'message': 'I just tried an app! It was weird.', 'author': 'Charlie'}
2025-09-13 21:35:58 | INFO | Processed JSON message: {'message': 'I just tried an app! It was weird.', 'author': 'Charlie'}
2025-09-13 21:35:58 | INFO | Message received from author: Charlie
2025-09-13 21:35:58 | INFO | Updated author counts: {'Charlie': 9, 'Bob': 3, 'Alice': 3, 'Eve': 3}
2025-09-13 21:35:58 | INFO | Chart updated successfully for message: {"message": "I just tried an app! It was weird.", "author": "Charlie"}

2025-09-13 21:36:01 | INFO | {'message': 'I just found a story! It was funny.', 'author': 'Charlie'}
2025-09-13 21:36:01 | INFO | Processed JSON message: {'message': 'I just found a story! It was funny.', 'author': 'Charlie'}
2025-09-13 21:36:01 | INFO | Message received from author: Charlie
2025-09-13 21:36:01 | INFO | Updated author counts: {'Charlie': 10, 'Bob': 3, 'Alice': 3, 'Eve': 3}
2025-09-13 21:36:01 | INFO | Chart updated successfully for message: {"message": "I just found a story! It was funny.", "author": "Charlie"}

2025-09-13 21:36:04 | INFO | {'message': 'I just shared a trick! It was exciting.', 'author': 'Charlie'}
2025-09-13 21:36:04 | INFO | Processed JSON message: {'message': 'I just shared a trick! It was exciting.', 'author': 'Charlie'}
2025-09-13 21:36:04 | INFO | Message received from author: Charlie
2025-09-13 21:36:04 | INFO | Updated author counts: {'Charlie': 11, 'Bob': 3, 'Alice': 3, 'Eve': 3}
2025-09-13 21:36:04 | INFO | Chart updated successfully for message: {"message": "I just shared a trick! It was exciting.", "author": "Charlie"}

2025-09-13 21:36:07 | INFO | {'message': 'I just saw an app! It was exciting.', 'author': 'Charlie'}
2025-09-13 21:36:07 | INFO | Processed JSON message: {'message': 'I just saw an app! It was exciting.', 'author': 'Charlie'}
2025-09-13 21:36:07 | INFO | Message received from author: Charlie
2025-09-13 21:36:07 | INFO | Updated author counts: {'Charlie': 12, 'Bob': 3, 'Alice': 3, 'Eve': 3}
2025-09-13 21:36:07 | INFO | Chart updated successfully for message: {"message": "I just saw an app! It was exciting.", "author": "Charlie"}

2025-09-13 21:36:10 | INFO | {'message': 'I just saw a trick! It was boring.', 'author': 'Charlie'}
2025-09-13 21:36:10 | INFO | Processed JSON message: {'message': 'I just saw a trick! It was boring.', 'author': 'Charlie'}
2025-09-13 21:36:10 | INFO | Message received from author: Charlie
2025-09-13 21:36:10 | INFO | Updated author counts: {'Charlie': 13, 'Bob': 3, 'Alice': 3, 'Eve': 3}
2025-09-13 21:36:10 | INFO | Chart updated successfully for message: {"message": "I just saw a trick! It was boring.", "author": "Charlie"}

2025-09-13 21:36:13 | INFO | {'message': 'I just shared a meme! It was amazing.', 'author': 'Bob'}
2025-09-13 21:36:13 | INFO | Processed JSON message: {'message': 'I just shared a meme! It was amazing.', 'author': 'Bob'}
2025-09-13 21:36:13 | INFO | Message received from author: Bob
2025-09-13 21:36:13 | INFO | Updated author counts: {'Charlie': 13, 'Bob': 4, 'Alice': 3, 'Eve': 3}
2025-09-13 21:36:13 | INFO | Chart updated successfully for message: {"message": "I just shared a meme! It was amazing.", "author": "Bob"}

2025-09-13 21:36:14 | WARNING | Producer interrupted by user.
2025-09-13 21:36:14 | INFO | Producer shutting down.
2025-09-13 21:36:18 | INFO | Consumer interrupted by user.
2025-09-13 21:37:54 | INFO | Logging to file: logs/project_log.log
2025-09-13 21:37:54 | INFO | Log sanitization enabled, personal info removed
2025-09-13 21:37:54 | INFO | Project root: C:/Users/USER/Documents/buzzline-04-anjana
2025-09-13 21:37:54 | INFO | Data folder: C:/Users/USER/Documents/buzzline-04-anjana/data
2025-09-13 21:37:54 | INFO | Data file: C:/Users/USER/Documents/buzzline-04-anjana/data/buzz_live.json
2025-09-13 21:37:54 | INFO | START producer...
2025-09-13 21:37:54 | INFO | Hit CTRL c (or CMD c) to close.
2025-09-13 21:37:54 | INFO | Message interval: 3 seconds
2025-09-13 21:37:54 | INFO | {'message': 'I just loved a trick! It was funny.', 'author': 'Eve'}
2025-09-13 21:37:57 | INFO | {'message': 'I just saw a story! It was boring.', 'author': 'Bob'}
2025-09-13 21:38:00 | INFO | {'message': 'I just tried an app! It was funny.', 'author': 'Alice'}
2025-09-13 21:38:03 | INFO | {'message': 'I just saw a meme! It was amazing.', 'author': 'Charlie'}
2025-09-13 21:38:04 | INFO | Logging to file: logs/project_log.log
2025-09-13 21:38:04 | INFO | Log sanitization enabled, personal info removed
2025-09-13 21:38:04 | INFO | Project root: C:/Users/USER/Documents/buzzline-04-anjana
2025-09-13 21:38:04 | INFO | Data folder: C:/Users/USER/Documents/buzzline-04-anjana/data
2025-09-13 21:38:04 | INFO | Data file: C:/Users/USER/Documents/buzzline-04-anjana/data/buzz_live.json
2025-09-13 21:38:04 | INFO | START consumer.
2025-09-13 21:38:06 | INFO | {'message': 'I just loved a meme! It was weird.', 'author': 'Bob'}
2025-09-13 21:38:06 | INFO | Processed JSON message: {'message': 'I just loved a meme! It was weird.', 'author': 'Bob'}
2025-09-13 21:38:06 | INFO | Message received from author: Bob
2025-09-13 21:38:06 | INFO | Updated author counts: {'Bob': 1}
2025-09-13 21:38:07 | INFO | Chart updated successfully for message: {"message": "I just loved a meme! It was weird.", "author": "Bob"}

2025-09-13 21:38:09 | INFO | {'message': 'I just shared an app! It was boring.', 'author': 'Alice'}
2025-09-13 21:38:09 | INFO | Processed JSON message: {'message': 'I just shared an app! It was boring.', 'author': 'Alice'}
2025-09-13 21:38:09 | INFO | Message received from author: Alice
2025-09-13 21:38:09 | INFO | Updated author counts: {'Bob': 1, 'Alice': 1}
2025-09-13 21:38:09 | INFO | Chart updated successfully for message: {"message": "I just shared an app! It was boring.", "author": "Alice"}

2025-09-13 21:38:12 | INFO | {'message': 'I just found a meme! It was boring.', 'author': 'Alice'}
2025-09-13 21:38:12 | INFO | Processed JSON message: {'message': 'I just found a meme! It was boring.', 'author': 'Alice'}
2025-09-13 21:38:12 | INFO | Message received from author: Alice
2025-09-13 21:38:12 | INFO | Updated author counts: {'Bob': 1, 'Alice': 2}
2025-09-13 21:38:12 | INFO | Chart updated successfully for message: {"message": "I just found a meme! It was boring.", "author": "Alice"}

2025-09-13 21:38:15 | INFO | {'message': 'I just loved a trick! It was weird.', 'author': 'Charlie'}
2025-09-13 21:38:15 | INFO | Processed JSON message: {'message': 'I just loved a trick! It was weird.', 'author': 'Charlie'}
2025-09-13 21:38:15 | INFO | Message received from author: Charlie
2025-09-13 21:38:15 | INFO | Updated author counts: {'Bob': 1, 'Alice': 2, 'Charlie': 1}
2025-09-13 21:38:15 | INFO | Chart updated successfully for message: {"message": "I just loved a trick! It was weird.", "author": "Charlie"}

2025-09-13 21:38:18 | INFO | {'message': 'I just shared a trick! It was funny.', 'author': 'Eve'}
2025-09-13 21:38:18 | INFO | Processed JSON message: {'message': 'I just shared a trick! It was funny.', 'author': 'Eve'}
2025-09-13 21:38:18 | INFO | Message received from author: Eve
2025-09-13 21:38:18 | INFO | Updated author counts: {'Bob': 1, 'Alice': 2, 'Charlie': 1, 'Eve': 1}
2025-09-13 21:38:18 | INFO | Chart updated successfully for message: {"message": "I just shared a trick! It was funny.", "author": "Eve"}

2025-09-13 21:38:21 | INFO | {'message': 'I just saw a trick! It was boring.', 'author': 'Charlie'}
2025-09-13 21:38:21 | INFO | Processed JSON message: {'message': 'I just saw a trick! It was boring.', 'author': 'Charlie'}
2025-09-13 21:38:21 | INFO | Message received from author: Charlie
2025-09-13 21:38:21 | INFO | Updated author counts: {'Bob': 1, 'Alice': 2, 'Charlie': 2, 'Eve': 1}
2025-09-13 21:38:21 | INFO | Chart updated successfully for message: {"message": "I just saw a trick! It was boring.", "author": "Charlie"}

2025-09-13 21:38:24 | INFO | {'message': 'I just saw an app! It was boring.', 'author': 'Bob'}
2025-09-13 21:38:24 | INFO | Processed JSON message: {'message': 'I just saw an app! It was boring.', 'author': 'Bob'}
2025-09-13 21:38:24 | INFO | Message received from author: Bob
2025-09-13 21:38:24 | INFO | Updated author counts: {'Bob': 2, 'Alice': 2, 'Charlie': 2, 'Eve': 1}
2025-09-13 21:38:24 | INFO | Chart updated successfully for message: {"message": "I just saw an app! It was boring.", "author": "Bob"}

2025-09-13 21:38:27 | INFO | {'message': 'I just shared a movie! It was boring.', 'author': 'Alice'}
2025-09-13 21:38:27 | INFO | Processed JSON message: {'message': 'I just shared a movie! It was boring.', 'author': 'Alice'}
2025-09-13 21:38:27 | INFO | Message received from author: Alice
2025-09-13 21:38:27 | INFO | Updated author counts: {'Bob': 2, 'Alice': 3, 'Charlie': 2, 'Eve': 1}
2025-09-13 21:38:27 | INFO | Chart updated successfully for message: {"message": "I just shared a movie! It was boring.", "author": "Alice"}

2025-09-13 21:38:29 | WARNING | Producer interrupted by user.
2025-09-13 21:38:29 | INFO | Producer shutting down.
2025-09-13 21:38:55 | INFO | Consumer interrupted by user.
2025-09-13 23:48:34 | INFO | Logging to file: logs/project_log.log
2025-09-13 23:48:34 | INFO | Log sanitization enabled, personal info removed
2025-09-13 23:48:34 | INFO | Project root: C:/Users/USER/Documents/buzzline-04-anjana
2025-09-13 23:48:34 | INFO | Data folder: C:/Users/USER/Documents/buzzline-04-anjana/data
2025-09-13 23:48:34 | INFO | Data file: C:/Users/USER/Documents/buzzline-04-anjana/data/buzz_live.json
2025-09-13 23:48:34 | INFO | START producer...
2025-09-13 23:48:34 | INFO | Hit CTRL c (or CMD c) to close.
2025-09-13 23:48:34 | INFO | Message interval: 3 seconds
2025-09-13 23:48:34 | INFO | {'message': 'I just saw a meme! It was exciting.', 'author': 'Alice'}
2025-09-13 23:48:37 | INFO | {'message': 'I just loved an app! It was amazing.', 'author': 'Eve'}
2025-09-13 23:48:40 | INFO | {'message': 'I just saw a meme! It was funny.', 'author': 'Eve'}
2025-09-13 23:48:43 | INFO | {'message': 'I just saw a meme! It was funny.', 'author': 'Alice'}
2025-09-13 23:48:46 | INFO | {'message': 'I just found a story! It was boring.', 'author': 'Charlie'}
2025-09-13 23:48:49 | INFO | {'message': 'I just found a story! It was boring.', 'author': 'Bob'}
2025-09-13 23:48:52 | INFO | {'message': 'I just tried an app! It was weird.', 'author': 'Charlie'}
2025-09-13 23:48:55 | INFO | {'message': 'I just found an app! It was amazing.', 'author': 'Alice'}
2025-09-13 23:48:58 | INFO | {'message': 'I just tried a story! It was boring.', 'author': 'Alice'}
2025-09-13 23:49:01 | INFO | {'message': 'I just saw an app! It was exciting.', 'author': 'Alice'}
2025-09-13 23:49:04 | INFO | {'message': 'I just shared a story! It was exciting.', 'author': 'Bob'}
2025-09-13 23:49:07 | INFO | {'message': 'I just loved an app! It was amazing.', 'author': 'Charlie'}
2025-09-13 23:49:10 | INFO | {'message': 'I just tried a meme! It was boring.', 'author': 'Bob'}
2025-09-13 23:49:13 | INFO | {'message': 'I just shared an app! It was exciting.', 'author': 'Bob'}
2025-09-13 23:49:16 | INFO | {'message': 'I just loved a meme! It was exciting.', 'author': 'Alice'}
2025-09-13 23:49:19 | INFO | {'message': 'I just shared a trick! It was weird.', 'author': 'Alice'}
2025-09-13 23:49:22 | INFO | {'message': 'I just saw a meme! It was weird.', 'author': 'Bob'}
2025-09-13 23:49:25 | INFO | {'message': 'I just saw a meme! It was weird.', 'author': 'Alice'}
2025-09-13 23:49:28 | INFO | {'message': 'I just loved a meme! It was amazing.', 'author': 'Charlie'}
2025-09-13 23:49:31 | INFO | {'message': 'I just loved a meme! It was funny.', 'author': 'Eve'}
2025-09-13 23:49:34 | INFO | {'message': 'I just tried a trick! It was boring.', 'author': 'Charlie'}
2025-09-13 23:49:37 | INFO | {'message': 'I just loved a story! It was amazing.', 'author': 'Alice'}
2025-09-13 23:49:40 | INFO | {'message': 'I just tried an app! It was funny.', 'author': 'Eve'}
2025-09-13 23:49:43 | INFO | {'message': 'I just tried an app! It was exciting.', 'author': 'Eve'}
2025-09-13 23:49:46 | INFO | {'message': 'I just found a movie! It was weird.', 'author': 'Eve'}
2025-09-13 23:49:49 | INFO | {'message': 'I just tried a meme! It was exciting.', 'author': 'Alice'}
2025-09-13 23:49:52 | WARNING | Producer interrupted by user.
2025-09-13 23:49:52 | INFO | Producer shutting down.
2025-09-13 23:50:43 | INFO | Logging to file: logs/project_log.log
2025-09-13 23:50:43 | INFO | Log sanitization enabled, personal info removed
2025-09-13 23:50:43 | INFO | Project root: C:/Users/USER/Documents/buzzline-04-anjana
2025-09-13 23:50:43 | INFO | Data folder: C:/Users/USER/Documents/buzzline-04-anjana/data
2025-09-13 23:50:43 | INFO | Data file: C:/Users/USER/Documents/buzzline-04-anjana/data/buzz_live.json
2025-09-13 23:50:44 | INFO | START consumer.
2025-09-13 23:51:00 | INFO | Logging to file: logs/project_log.log
2025-09-13 23:51:00 | INFO | Log sanitization enabled, personal info removed
2025-09-13 23:51:00 | INFO | Project root: C:/Users/USER/Documents/buzzline-04-anjana
2025-09-13 23:51:00 | INFO | Data folder: C:/Users/USER/Documents/buzzline-04-anjana/data
2025-09-13 23:51:00 | INFO | Data file: C:/Users/USER/Documents/buzzline-04-anjana/data/buzz_live.json
2025-09-13 23:51:00 | INFO | START producer...
2025-09-13 23:51:00 | INFO | Hit CTRL c (or CMD c) to close.
2025-09-13 23:51:00 | INFO | Message interval: 3 seconds
2025-09-13 23:51:00 | INFO | {'message': 'I just tried a story! It was funny.', 'author': 'Eve'}
2025-09-13 23:51:01 | INFO | Processed JSON message: {'message': 'I just tried a story! It was funny.', 'author': 'Eve'}
2025-09-13 23:51:01 | INFO | Message received from author: Eve
2025-09-13 23:51:01 | INFO | Updated author counts: {'Eve': 1}
2025-09-13 23:51:01 | INFO | Chart updated successfully for message: {"message": "I just tried a story! It was funny.", "author": "Eve"}

2025-09-13 23:51:03 | INFO | {'message': 'I just saw a trick! It was funny.', 'author': 'Alice'}
2025-09-13 23:51:04 | INFO | Processed JSON message: {'message': 'I just saw a trick! It was funny.', 'author': 'Alice'}
2025-09-13 23:51:04 | INFO | Message received from author: Alice
2025-09-13 23:51:04 | INFO | Updated author counts: {'Eve': 1, 'Alice': 1}
2025-09-13 23:51:04 | INFO | Chart updated successfully for message: {"message": "I just saw a trick! It was funny.", "author": "Alice"}

2025-09-13 23:51:06 | INFO | {'message': 'I just loved a trick! It was weird.', 'author': 'Eve'}
2025-09-13 23:51:07 | INFO | Processed JSON message: {'message': 'I just loved a trick! It was weird.', 'author': 'Eve'}
2025-09-13 23:51:07 | INFO | Message received from author: Eve
2025-09-13 23:51:07 | INFO | Updated author counts: {'Eve': 2, 'Alice': 1}
2025-09-13 23:51:07 | INFO | Chart updated successfully for message: {"message": "I just loved a trick! It was weird.", "author": "Eve"}

2025-09-13 23:51:09 | INFO | {'message': 'I just shared an app! It was funny.', 'author': 'Alice'}
2025-09-13 23:51:10 | INFO | Processed JSON message: {'message': 'I just shared an app! It was funny.', 'author': 'Alice'}
2025-09-13 23:51:10 | INFO | Message received from author: Alice
2025-09-13 23:51:10 | INFO | Updated author counts: {'Eve': 2, 'Alice': 2}
2025-09-13 23:51:10 | INFO | Chart updated successfully for message: {"message": "I just shared an app! It was funny.", "author": "Alice"}

2025-09-13 23:51:12 | INFO | {'message': 'I just found a meme! It was exciting.', 'author': 'Eve'}
2025-09-13 23:51:13 | INFO | Processed JSON message: {'message': 'I just found a meme! It was exciting.', 'author': 'Eve'}
2025-09-13 23:51:13 | INFO | Message received from author: Eve
2025-09-13 23:51:13 | INFO | Updated author counts: {'Eve': 3, 'Alice': 2}
2025-09-13 23:51:13 | INFO | Chart updated successfully for message: {"message": "I just found a meme! It was exciting.", "author": "Eve"}

2025-09-13 23:51:15 | INFO | {'message': 'I just found a story! It was exciting.', 'author': 'Alice'}
2025-09-13 23:51:15 | INFO | Processed JSON message: {'message': 'I just found a story! It was exciting.', 'author': 'Alice'}
2025-09-13 23:51:15 | INFO | Message received from author: Alice
2025-09-13 23:51:15 | INFO | Updated author counts: {'Eve': 3, 'Alice': 3}
2025-09-13 23:51:16 | INFO | Chart updated successfully for message: {"message": "I just found a story! It was exciting.", "author": "Alice"}

2025-09-13 23:51:18 | INFO | {'message': 'I just tried a movie! It was amazing.', 'author': 'Charlie'}
2025-09-13 23:51:19 | INFO | Processed JSON message: {'message': 'I just tried a movie! It was amazing.', 'author': 'Charlie'}
2025-09-13 23:51:19 | INFO | Message received from author: Charlie
2025-09-13 23:51:19 | INFO | Updated author counts: {'Eve': 3, 'Alice': 3, 'Charlie': 1}
2025-09-13 23:51:19 | INFO | Chart updated successfully for message: {"message": "I just tried a movie! It was amazing.", "author": "Charlie"}

2025-09-13 23:51:20 | INFO | Consumer interrupted by user.
2025-09-13 23:51:21 | INFO | {'message': 'I just tried a movie! It was exciting.', 'author': 'Charlie'}
2025-09-13 23:51:24 | INFO | Consumer closed.
2025-09-13 23:51:24 | INFO | {'message': 'I just saw a trick! It was weird.', 'author': 'Alice'}
2025-09-13 23:51:27 | INFO | {'message': 'I just found a movie! It was exciting.', 'author': 'Eve'}
2025-09-13 23:51:30 | INFO | {'message': 'I just found a trick! It was exciting.', 'author': 'Eve'}
2025-09-13 23:51:33 | INFO | {'message': 'I just saw an app! It was amazing.', 'author': 'Alice'}
2025-09-13 23:51:36 | INFO | {'message': 'I just tried a movie! It was weird.', 'author': 'Charlie'}
2025-09-13 23:51:39 | INFO | {'message': 'I just tried a story! It was funny.', 'author': 'Charlie'}
2025-09-13 23:51:42 | INFO | {'message': 'I just tried a meme! It was amazing.', 'author': 'Alice'}
2025-09-13 23:51:45 | INFO | {'message': 'I just tried a meme! It was amazing.', 'author': 'Charlie'}
2025-09-13 23:51:48 | INFO | {'message': 'I just loved a story! It was exciting.', 'author': 'Charlie'}
2025-09-13 23:51:51 | INFO | {'message': 'I just tried a story! It was weird.', 'author': 'Eve'}
2025-09-13 23:51:52 | INFO | Logging to file: logs/project_log.log
2025-09-13 23:51:52 | INFO | Log sanitization enabled, personal info removed
2025-09-13 23:51:52 | INFO | Project root: C:/Users/USER/Documents/buzzline-04-anjana
2025-09-13 23:51:52 | INFO | Data folder: C:/Users/USER/Documents/buzzline-04-anjana/data
2025-09-13 23:51:52 | INFO | Data file: C:/Users/USER/Documents/buzzline-04-anjana/data/buzz_live.json
2025-09-13 23:51:53 | INFO | START consumer.
2025-09-13 23:51:54 | INFO | {'message': 'I just shared a movie! It was exciting.', 'author': 'Charlie'}
2025-09-13 23:51:55 | INFO | Processed JSON message: {'message': 'I just shared a movie! It was exciting.', 'author': 'Charlie'}
2025-09-13 23:51:55 | INFO | Message received from author: Charlie
2025-09-13 23:51:55 | INFO | Updated author counts: {'Charlie': 1}
2025-09-13 23:51:55 | INFO | Chart updated successfully for message: {"message": "I just shared a movie! It was exciting.", "author": "Charlie"}

2025-09-13 23:51:57 | INFO | {'message': 'I just tried an app! It was exciting.', 'author': 'Bob'}
2025-09-13 23:51:58 | INFO | Processed JSON message: {'message': 'I just tried an app! It was exciting.', 'author': 'Bob'}
2025-09-13 23:51:58 | INFO | Message received from author: Bob
2025-09-13 23:51:58 | INFO | Updated author counts: {'Charlie': 1, 'Bob': 1}
2025-09-13 23:51:58 | INFO | Chart updated successfully for message: {"message": "I just tried an app! It was exciting.", "author": "Bob"}

2025-09-13 23:52:00 | INFO | {'message': 'I just tried a trick! It was boring.', 'author': 'Bob'}
2025-09-13 23:52:01 | INFO | Processed JSON message: {'message': 'I just tried a trick! It was boring.', 'author': 'Bob'}
2025-09-13 23:52:01 | INFO | Message received from author: Bob
2025-09-13 23:52:01 | INFO | Updated author counts: {'Charlie': 1, 'Bob': 2}
2025-09-13 23:52:01 | INFO | Chart updated successfully for message: {"message": "I just tried a trick! It was boring.", "author": "Bob"}

2025-09-13 23:52:03 | INFO | {'message': 'I just found a meme! It was weird.', 'author': 'Bob'}
2025-09-13 23:52:04 | INFO | Processed JSON message: {'message': 'I just found a meme! It was weird.', 'author': 'Bob'}
2025-09-13 23:52:04 | INFO | Message received from author: Bob
2025-09-13 23:52:04 | INFO | Updated author counts: {'Charlie': 1, 'Bob': 3}
2025-09-13 23:52:04 | INFO | Chart updated successfully for message: {"message": "I just found a meme! It was weird.", "author": "Bob"}

2025-09-13 23:52:06 | INFO | {'message': 'I just found a meme! It was boring.', 'author': 'Charlie'}
2025-09-13 23:52:07 | INFO | Processed JSON message: {'message': 'I just found a meme! It was boring.', 'author': 'Charlie'}
2025-09-13 23:52:07 | INFO | Message received from author: Charlie
2025-09-13 23:52:07 | INFO | Updated author counts: {'Charlie': 2, 'Bob': 3}
2025-09-13 23:52:07 | INFO | Chart updated successfully for message: {"message": "I just found a meme! It was boring.", "author": "Charlie"}

2025-09-13 23:52:09 | INFO | {'message': 'I just saw a story! It was funny.', 'author': 'Bob'}
2025-09-13 23:52:10 | INFO | Processed JSON message: {'message': 'I just saw a story! It was funny.', 'author': 'Bob'}
2025-09-13 23:52:10 | INFO | Message received from author: Bob
2025-09-13 23:52:10 | INFO | Updated author counts: {'Charlie': 2, 'Bob': 4}
2025-09-13 23:52:10 | INFO | Chart updated successfully for message: {"message": "I just saw a story! It was funny.", "author": "Bob"}

2025-09-13 23:52:12 | INFO | {'message': 'I just found a story! It was exciting.', 'author': 'Eve'}
2025-09-13 23:52:13 | INFO | Processed JSON message: {'message': 'I just found a story! It was exciting.', 'author': 'Eve'}
2025-09-13 23:52:13 | INFO | Message received from author: Eve
2025-09-13 23:52:13 | INFO | Updated author counts: {'Charlie': 2, 'Bob': 4, 'Eve': 1}
2025-09-13 23:52:13 | INFO | Chart updated successfully for message: {"message": "I just found a story! It was exciting.", "author": "Eve"}

2025-09-13 23:52:15 | INFO | {'message': 'I just loved a meme! It was boring.', 'author': 'Alice'}
2025-09-13 23:52:16 | INFO | Processed JSON message: {'message': 'I just loved a meme! It was boring.', 'author': 'Alice'}
2025-09-13 23:52:16 | INFO | Message received from author: Alice
2025-09-13 23:52:16 | INFO | Updated author counts: {'Charlie': 2, 'Bob': 4, 'Eve': 1, 'Alice': 1}
2025-09-13 23:52:16 | INFO | Chart updated successfully for message: {"message": "I just loved a meme! It was boring.", "author": "Alice"}

2025-09-13 23:52:18 | INFO | {'message': 'I just tried a movie! It was boring.', 'author': 'Alice'}
2025-09-13 23:52:19 | INFO | Processed JSON message: {'message': 'I just tried a movie! It was boring.', 'author': 'Alice'}
2025-09-13 23:52:19 | INFO | Message received from author: Alice
2025-09-13 23:52:19 | INFO | Updated author counts: {'Charlie': 2, 'Bob': 4, 'Eve': 1, 'Alice': 2}
2025-09-13 23:52:19 | INFO | Chart updated successfully for message: {"message": "I just tried a movie! It was boring.", "author": "Alice"}

2025-09-13 23:52:21 | INFO | {'message': 'I just found a movie! It was exciting.', 'author': 'Eve'}
2025-09-13 23:52:22 | INFO | Processed JSON message: {'message': 'I just found a movie! It was exciting.', 'author': 'Eve'}
2025-09-13 23:52:22 | INFO | Message received from author: Eve
2025-09-13 23:52:22 | INFO | Updated author counts: {'Charlie': 2, 'Bob': 4, 'Eve': 2, 'Alice': 2}
2025-09-13 23:52:22 | INFO | Chart updated successfully for message: {"message": "I just found a movie! It was exciting.", "author": "Eve"}

2025-09-13 23:52:24 | INFO | {'message': 'I just saw a meme! It was boring.', 'author': 'Eve'}
2025-09-13 23:52:25 | INFO | Processed JSON message: {'message': 'I just saw a meme! It was boring.', 'author': 'Eve'}
2025-09-13 23:52:25 | INFO | Message received from author: Eve
2025-09-13 23:52:25 | INFO | Updated author counts: {'Charlie': 2, 'Bob': 4, 'Eve': 3, 'Alice': 2}
2025-09-13 23:52:25 | INFO | Chart updated successfully for message: {"message": "I just saw a meme! It was boring.", "author": "Eve"}

2025-09-13 23:52:27 | INFO | {'message': 'I just saw a story! It was amazing.', 'author': 'Alice'}
2025-09-13 23:52:28 | INFO | Processed JSON message: {'message': 'I just saw a story! It was amazing.', 'author': 'Alice'}
2025-09-13 23:52:28 | INFO | Message received from author: Alice
2025-09-13 23:52:28 | INFO | Updated author counts: {'Charlie': 2, 'Bob': 4, 'Eve': 3, 'Alice': 3}
2025-09-13 23:52:28 | INFO | Chart updated successfully for message: {"message": "I just saw a story! It was amazing.", "author": "Alice"}

2025-09-13 23:52:30 | INFO | {'message': 'I just saw a trick! It was weird.', 'author': 'Eve'}
2025-09-13 23:52:31 | INFO | Processed JSON message: {'message': 'I just saw a trick! It was weird.', 'author': 'Eve'}
2025-09-13 23:52:31 | INFO | Message received from author: Eve
2025-09-13 23:52:31 | INFO | Updated author counts: {'Charlie': 2, 'Bob': 4, 'Eve': 4, 'Alice': 3}
2025-09-13 23:52:31 | INFO | Chart updated successfully for message: {"message": "I just saw a trick! It was weird.", "author": "Eve"}

2025-09-13 23:52:33 | INFO | Consumer interrupted by user.
2025-09-13 23:52:33 | INFO | {'message': 'I just tried a meme! It was exciting.', 'author': 'Eve'}
2025-09-13 23:52:36 | INFO | {'message': 'I just loved a movie! It was boring.', 'author': 'Alice'}
2025-09-13 23:52:39 | INFO | {'message': 'I just saw a story! It was amazing.', 'author': 'Charlie'}
2025-09-13 23:52:42 | INFO | {'message': 'I just saw a trick! It was exciting.', 'author': 'Bob'}
2025-09-13 23:52:46 | INFO | {'message': 'I just shared an app! It was amazing.', 'author': 'Bob'}
2025-09-13 23:52:49 | INFO | {'message': 'I just found a trick! It was boring.', 'author': 'Alice'}
2025-09-13 23:52:52 | INFO | {'message': 'I just tried an app! It was weird.', 'author': 'Eve'}
2025-09-13 23:52:55 | INFO | {'message': 'I just found a story! It was boring.', 'author': 'Alice'}
2025-09-13 23:52:58 | INFO | {'message': 'I just saw a movie! It was funny.', 'author': 'Charlie'}
2025-09-13 23:53:00 | WARNING | Producer interrupted by user.
2025-09-13 23:53:00 | INFO | Producer shutting down.
2025-09-13 23:56:59 | INFO | Logging to file: logs/project_log.log
2025-09-13 23:56:59 | INFO | Log sanitization enabled, personal info removed
2025-09-13 23:56:59 | INFO | Project root: C:/Users/USER/Documents/buzzline-04-anjana
2025-09-13 23:56:59 | INFO | Data folder: C:/Users/USER/Documents/buzzline-04-anjana/data
2025-09-13 23:56:59 | INFO | Data file: C:/Users/USER/Documents/buzzline-04-anjana/data/smoker_temps.csv
2025-09-13 23:56:59 | INFO | START producer.
2025-09-13 23:56:59 | INFO | Kafka broker address: localhost:9092
2025-09-13 23:57:00 | INFO | Kafka is ready. Brokers: {'throttle_time_ms': 0, 'brokers': [{'node_id': 1, 'host': 'localhost', 'port': 9092, 'rack': None}], 'cluster_id': '8g7_8xraQ_OwBKie1pujOg', 'controller_id': 1}
2025-09-13 23:57:00 | INFO | Kafka topic: smoker_csv
2025-09-13 23:57:00 | INFO | Message interval: 5 seconds
2025-09-13 23:57:00 | INFO | Kafka broker address: localhost:9092
2025-09-13 23:57:00 | INFO | Connecting to Kafka broker at localhost:9092...
2025-09-13 23:57:00 | INFO | Kafka producer successfully created.
2025-09-13 23:57:00 | INFO | Kafka broker address: localhost:9092
2025-09-13 23:57:01 | INFO | Topic 'smoker_csv' created successfully.
2025-09-13 23:57:01 | INFO | Kafka topic 'smoker_csv' is ready.
2025-09-13 23:57:01 | INFO | Starting message production to topic 'smoker_csv'...
2025-09-13 23:57:01 | INFO | Opening data file in read mode: C:/Users/USER/Documents/buzzline-04-anjana/data/smoker_temps.csv
2025-09-13 23:57:01 | INFO | Reading data from file: C:/Users/USER/Documents/buzzline-04-anjana/data/smoker_temps.csv
2025-09-13 23:57:01 | INFO | Sent message to topic 'smoker_csv': {'timestamp': '2025-09-14T03:57:01.292464', 'temperature': 70.4}
2025-09-13 23:57:06 | INFO | Sent message to topic 'smoker_csv': {'timestamp': '2025-09-14T03:57:06.338459', 'temperature': 70.8}
2025-09-13 23:57:11 | INFO | Sent message to topic 'smoker_csv': {'timestamp': '2025-09-14T03:57:11.340909', 'temperature': 71.2}
2025-09-13 23:57:16 | INFO | Sent message to topic 'smoker_csv': {'timestamp': '2025-09-14T03:57:16.344135', 'temperature': 71.6}
2025-09-13 23:57:21 | INFO | Sent message to topic 'smoker_csv': {'timestamp': '2025-09-14T03:57:21.346307', 'temperature': 72.0}
2025-09-13 23:57:26 | INFO | Sent message to topic 'smoker_csv': {'timestamp': '2025-09-14T03:57:26.349077', 'temperature': 72.4}
2025-09-13 23:57:31 | INFO | Sent message to topic 'smoker_csv': {'timestamp': '2025-09-14T03:57:31.352023', 'temperature': 72.8}
2025-09-13 23:57:36 | INFO | Sent message to topic 'smoker_csv': {'timestamp': '2025-09-14T03:57:36.359083', 'temperature': 73.2}
2025-09-13 23:57:37 | WARNING | Producer interrupted by user.
2025-09-13 23:57:37 | INFO | Kafka producer closed.
2025-09-13 23:57:37 | INFO | END producer.
2025-09-14 00:34:38 | INFO | Logging to file: logs/project_log.log
2025-09-14 00:34:38 | INFO | Log sanitization enabled, personal info removed
2025-09-14 00:34:39 | INFO | START consumer.
2025-09-14 00:34:39 | INFO | Kafka topic: smoker_csv
2025-09-14 00:34:39 | INFO | Kafka consumer group id: smoker_group
2025-09-14 00:34:39 | INFO | Rolling window size: 10
2025-09-14 00:34:39 | INFO | Consumer: Topic 'smoker_csv' and group 'smoker_group'...
2025-09-14 00:34:39 | INFO | Rolling window size: 10
2025-09-14 00:34:39 | INFO | Kafka broker address: localhost:9092
2025-09-14 00:34:39 | INFO | Creating Kafka consumer. Topic='smoker_csv' and group ID='smoker_group'.
2025-09-14 00:34:39 | INFO | Kafka consumer created successfully.
2025-09-14 00:34:39 | INFO | Polling messages from topic 'smoker_csv'...
2025-09-14 00:34:44 | INFO | Processed JSON message: {'timestamp': '2025-09-14T03:57:06.338459', 'temperature': 70.8}
2025-09-14 00:34:44 | INFO | Processed JSON message: {'timestamp': '2025-09-14T03:57:11.340909', 'temperature': 71.2}
2025-09-14 00:34:44 | INFO | Processed JSON message: {'timestamp': '2025-09-14T03:57:16.344135', 'temperature': 71.6}
2025-09-14 00:34:44 | INFO | Processed JSON message: {'timestamp': '2025-09-14T03:57:21.346307', 'temperature': 72.0}
2025-09-14 00:34:44 | INFO | Processed JSON message: {'timestamp': '2025-09-14T03:57:26.349077', 'temperature': 72.4}
2025-09-14 00:34:45 | INFO | Processed JSON message: {'timestamp': '2025-09-14T03:57:31.352023', 'temperature': 72.8}
2025-09-14 00:34:45 | INFO | Processed JSON message: {'timestamp': '2025-09-14T03:57:36.359083', 'temperature': 73.2}
2025-09-14 00:34:57 | WARNING | Consumer interrupted by user.
2025-09-14 00:34:57 | INFO | Kafka consumer for topic 'smoker_csv' closed.
2025-09-14 00:38:22 | INFO | Logging to file: logs/project_log.log
2025-09-14 00:38:22 | INFO | Log sanitization enabled, personal info removed
2025-09-14 00:38:22 | INFO | START consumer.
2025-09-14 00:38:22 | INFO | Kafka topic: smoker_csv
2025-09-14 00:38:22 | INFO | Kafka consumer group id: smoker_group
2025-09-14 00:38:22 | INFO | Rolling window size: 10
2025-09-14 00:38:22 | INFO | Consumer: Topic 'smoker_csv' and group 'smoker_group'...
2025-09-14 00:38:22 | INFO | Rolling window size: 10
2025-09-14 00:38:22 | INFO | Kafka broker address: localhost:9092
2025-09-14 00:38:22 | INFO | Creating Kafka consumer. Topic='smoker_csv' and group ID='smoker_group'.
2025-09-14 00:38:22 | INFO | Kafka consumer created successfully.
2025-09-14 00:38:22 | INFO | Polling messages from topic 'smoker_csv'...
2025-09-14 00:39:04 | INFO | Logging to file: logs/project_log.log
2025-09-14 00:39:04 | INFO | Log sanitization enabled, personal info removed
2025-09-14 00:39:04 | INFO | Project root: C:/Users/USER/Documents/buzzline-04-anjana
2025-09-14 00:39:04 | INFO | Data folder: C:/Users/USER/Documents/buzzline-04-anjana/data
2025-09-14 00:39:04 | INFO | Data file: C:/Users/USER/Documents/buzzline-04-anjana/data/smoker_temps.csv
2025-09-14 00:39:04 | INFO | START producer.
2025-09-14 00:39:04 | INFO | Kafka broker address: localhost:9092
2025-09-14 00:39:04 | INFO | Kafka is ready. Brokers: {'throttle_time_ms': 0, 'brokers': [{'node_id': 1, 'host': 'localhost', 'port': 9092, 'rack': None}], 'cluster_id': '8g7_8xraQ_OwBKie1pujOg', 'controller_id': 1}
2025-09-14 00:39:04 | INFO | Kafka topic: smoker_csv
2025-09-14 00:39:04 | INFO | Message interval: 5 seconds
2025-09-14 00:39:04 | INFO | Kafka broker address: localhost:9092
2025-09-14 00:39:04 | INFO | Connecting to Kafka broker at localhost:9092...
2025-09-14 00:39:04 | INFO | Kafka producer successfully created.
2025-09-14 00:39:04 | INFO | Kafka broker address: localhost:9092
2025-09-14 00:39:04 | INFO | Topic 'smoker_csv' already exists. Recreating fresh...
2025-09-14 00:39:05 | INFO | Requested deletion of topic 'smoker_csv'.
2025-09-14 00:39:05 | INFO | Topic 'smoker_csv' created successfully.
2025-09-14 00:39:05 | INFO | Kafka topic 'smoker_csv' is ready.
2025-09-14 00:39:05 | INFO | Starting message production to topic 'smoker_csv'...
2025-09-14 00:39:05 | INFO | Opening data file in read mode: C:/Users/USER/Documents/buzzline-04-anjana/data/smoker_temps.csv
2025-09-14 00:39:05 | INFO | Reading data from file: C:/Users/USER/Documents/buzzline-04-anjana/data/smoker_temps.csv
2025-09-14 00:39:05 | INFO | Sent message to topic 'smoker_csv': {'timestamp': '2025-09-14T04:39:05.066029', 'temperature': 70.4}
2025-09-14 00:39:10 | INFO | Sent message to topic 'smoker_csv': {'timestamp': '2025-09-14T04:39:10.068559', 'temperature': 70.8}
2025-09-14 00:39:10 | INFO | Processed JSON message: {'timestamp': '2025-09-14T04:39:10.068559', 'temperature': 70.8}
2025-09-14 00:39:15 | INFO | Sent message to topic 'smoker_csv': {'timestamp': '2025-09-14T04:39:15.069772', 'temperature': 71.2}
2025-09-14 00:39:15 | INFO | Processed JSON message: {'timestamp': '2025-09-14T04:39:15.069772', 'temperature': 71.2}
2025-09-14 00:39:20 | INFO | Sent message to topic 'smoker_csv': {'timestamp': '2025-09-14T04:39:20.070996', 'temperature': 71.6}
2025-09-14 00:39:20 | INFO | Processed JSON message: {'timestamp': '2025-09-14T04:39:20.070996', 'temperature': 71.6}
2025-09-14 00:39:25 | INFO | Sent message to topic 'smoker_csv': {'timestamp': '2025-09-14T04:39:25.072265', 'temperature': 72.0}
2025-09-14 00:39:25 | INFO | Processed JSON message: {'timestamp': '2025-09-14T04:39:25.072265', 'temperature': 72.0}
2025-09-14 00:39:30 | INFO | Sent message to topic 'smoker_csv': {'timestamp': '2025-09-14T04:39:30.074531', 'temperature': 72.4}
2025-09-14 00:39:30 | INFO | Processed JSON message: {'timestamp': '2025-09-14T04:39:30.074531', 'temperature': 72.4}
2025-09-14 00:39:35 | INFO | Sent message to topic 'smoker_csv': {'timestamp': '2025-09-14T04:39:35.077855', 'temperature': 72.8}
2025-09-14 00:39:35 | INFO | Processed JSON message: {'timestamp': '2025-09-14T04:39:35.077855', 'temperature': 72.8}
2025-09-14 00:39:35 | WARNING | Consumer interrupted by user.
2025-09-14 00:39:35 | INFO | Kafka consumer for topic 'smoker_csv' closed.
2025-09-14 00:39:40 | INFO | Sent message to topic 'smoker_csv': {'timestamp': '2025-09-14T04:39:40.079211', 'temperature': 73.2}
2025-09-14 00:39:45 | INFO | Sent message to topic 'smoker_csv': {'timestamp': '2025-09-14T04:39:45.082925', 'temperature': 73.6}
2025-09-14 00:39:50 | INFO | Sent message to topic 'smoker_csv': {'timestamp': '2025-09-14T04:39:50.085394', 'temperature': 74.0}
2025-09-14 00:39:55 | INFO | Sent message to topic 'smoker_csv': {'timestamp': '2025-09-14T04:39:55.087714', 'temperature': 74.4}
2025-09-14 00:40:00 | INFO | Sent message to topic 'smoker_csv': {'timestamp': '2025-09-14T04:40:00.090002', 'temperature': 74.8}
2025-09-14 00:40:05 | INFO | Sent message to topic 'smoker_csv': {'timestamp': '2025-09-14T04:40:05.091718', 'temperature': 75.2}
2025-09-14 00:40:10 | INFO | Sent message to topic 'smoker_csv': {'timestamp': '2025-09-14T04:40:10.095316', 'temperature': 75.6}
2025-09-14 00:40:15 | INFO | Sent message to topic 'smoker_csv': {'timestamp': '2025-09-14T04:40:15.097500', 'temperature': 76.0}
2025-09-14 00:40:20 | INFO | Sent message to topic 'smoker_csv': {'timestamp': '2025-09-14T04:40:20.098550', 'temperature': 76.4}
2025-09-14 00:40:25 | INFO | Sent message to topic 'smoker_csv': {'timestamp': '2025-09-14T04:40:25.099489', 'temperature': 76.8}
2025-09-14 00:40:30 | INFO | Sent message to topic 'smoker_csv': {'timestamp': '2025-09-14T04:40:30.101725', 'temperature': 77.2}
2025-09-14 00:40:35 | INFO | Sent message to topic 'smoker_csv': {'timestamp': '2025-09-14T04:40:35.103900', 'temperature': 77.6}
2025-09-14 00:40:40 | INFO | Sent message to topic 'smoker_csv': {'timestamp': '2025-09-14T04:40:40.124773', 'temperature': 78.0}
2025-09-14 00:40:45 | INFO | Sent message to topic 'smoker_csv': {'timestamp': '2025-09-14T04:40:45.132020', 'temperature': 78.4}
2025-09-14 00:40:50 | INFO | Sent message to topic 'smoker_csv': {'timestamp': '2025-09-14T04:40:50.133602', 'temperature': 78.8}
2025-09-14 00:40:55 | INFO | Sent message to topic 'smoker_csv': {'timestamp': '2025-09-14T04:40:55.135505', 'temperature': 79.2}
2025-09-14 00:41:00 | INFO | Sent message to topic 'smoker_csv': {'timestamp': '2025-09-14T04:41:00.137521', 'temperature': 79.6}
2025-09-14 00:41:05 | INFO | Sent message to topic 'smoker_csv': {'timestamp': '2025-09-14T04:41:05.140589', 'temperature': 80.0}
2025-09-14 00:41:10 | INFO | Sent message to topic 'smoker_csv': {'timestamp': '2025-09-14T04:41:10.141985', 'temperature': 80.4}
2025-09-14 00:41:15 | INFO | Sent message to topic 'smoker_csv': {'timestamp': '2025-09-14T04:41:15.143594', 'temperature': 80.8}
2025-09-14 00:41:20 | INFO | Sent message to topic 'smoker_csv': {'timestamp': '2025-09-14T04:41:20.145299', 'temperature': 81.2}
2025-09-18 12:24:50 | INFO | Logging to file: logs/project_log.log
2025-09-18 12:24:50 | INFO | Log sanitization enabled, personal info removed
2025-09-18 12:24:50 | INFO | Project root: C:/Users/USER/Documents/buzzline-04-anjana
2025-09-18 12:24:50 | INFO | Data folder: C:/Users/USER/Documents/buzzline-04-anjana/data
2025-09-18 12:24:50 | INFO | Data file: C:/Users/USER/Documents/buzzline-04-anjana/data/buzz_live.json
2025-09-18 12:24:50 | INFO | START producer...
2025-09-18 12:24:50 | INFO | Hit CTRL c (or CMD c) to close.
