2025-09-13 21:34:16 | INFO | Logging to file: logs/project_log.log
2025-09-13 21:34:16 | INFO | Log sanitization enabled, personal info removed
2025-09-13 21:34:16 | INFO | Project root: C:/Users/USER/Documents/buzzline-04-anjana
2025-09-13 21:34:16 | INFO | Data folder: C:/Users/USER/Documents/buzzline-04-anjana/data
2025-09-13 21:34:16 | INFO | Data file: C:/Users/USER/Documents/buzzline-04-anjana/data/buzz_live.json
2025-09-13 21:34:16 | INFO | START producer...
2025-09-13 21:34:16 | INFO | Hit CTRL c (or CMD c) to close.
2025-09-13 21:34:16 | INFO | Message interval: 3 seconds
2025-09-13 21:34:16 | INFO | {'message': 'I just saw a story! It was boring.', 'author': 'Bob'}
2025-09-13 21:34:19 | INFO | {'message': 'I just found a trick! It was weird.', 'author': 'Eve'}
2025-09-13 21:34:22 | INFO | {'message': 'I just saw a trick! It was funny.', 'author': 'Charlie'}
2025-09-13 21:34:25 | INFO | {'message': 'I just found an app! It was boring.', 'author': 'Alice'}
2025-09-13 21:34:28 | INFO | {'message': 'I just found a meme! It was weird.', 'author': 'Bob'}
2025-09-13 21:34:31 | INFO | {'message': 'I just found a trick! It was boring.', 'author': 'Eve'}
2025-09-13 21:34:34 | INFO | {'message': 'I just saw a movie! It was weird.', 'author': 'Alice'}
2025-09-13 21:34:37 | INFO | {'message': 'I just shared a meme! It was funny.', 'author': 'Bob'}
2025-09-13 21:34:40 | INFO | Logging to file: logs/project_log.log
2025-09-13 21:34:40 | INFO | Log sanitization enabled, personal info removed
2025-09-13 21:34:40 | INFO | Project root: C:/Users/USER/Documents/buzzline-04-anjana
2025-09-13 21:34:40 | INFO | Data folder: C:/Users/USER/Documents/buzzline-04-anjana/data
2025-09-13 21:34:40 | INFO | Data file: C:/Users/USER/Documents/buzzline-04-anjana/data/buzz_live.json
2025-09-13 21:34:40 | INFO | {'message': 'I just tried a story! It was funny.', 'author': 'Alice'}
2025-09-13 21:34:41 | INFO | START consumer.
2025-09-13 21:34:43 | WARNING | Producer interrupted by user.
2025-09-13 21:34:43 | INFO | Producer shutting down.
2025-09-13 21:35:07 | INFO | Logging to file: logs/project_log.log
2025-09-13 21:35:07 | INFO | Log sanitization enabled, personal info removed
2025-09-13 21:35:07 | INFO | Project root: C:/Users/USER/Documents/buzzline-04-anjana
2025-09-13 21:35:07 | INFO | Data folder: C:/Users/USER/Documents/buzzline-04-anjana/data
2025-09-13 21:35:07 | INFO | Data file: C:/Users/USER/Documents/buzzline-04-anjana/data/buzz_live.json
2025-09-13 21:35:07 | INFO | START producer...
2025-09-13 21:35:07 | INFO | Hit CTRL c (or CMD c) to close.
2025-09-13 21:35:07 | INFO | Message interval: 3 seconds
2025-09-13 21:35:07 | INFO | {'message': 'I just loved a movie! It was boring.', 'author': 'Charlie'}
2025-09-13 21:35:07 | INFO | Processed JSON message: {'message': 'I just loved a movie! It was boring.', 'author': 'Charlie'}
2025-09-13 21:35:07 | INFO | Message received from author: Charlie
2025-09-13 21:35:07 | INFO | Updated author counts: {'Charlie': 1}
2025-09-13 21:35:07 | INFO | Chart updated successfully for message: {"message": "I just loved a movie! It was boring.", "author": "Charlie"}

2025-09-13 21:35:10 | INFO | {'message': 'I just loved a story! It was exciting.', 'author': 'Charlie'}
2025-09-13 21:35:10 | INFO | Processed JSON message: {'message': 'I just loved a story! It was exciting.', 'author': 'Charlie'}
2025-09-13 21:35:10 | INFO | Message received from author: Charlie
2025-09-13 21:35:10 | INFO | Updated author counts: {'Charlie': 2}
2025-09-13 21:35:10 | INFO | Chart updated successfully for message: {"message": "I just loved a story! It was exciting.", "author": "Charlie"}

2025-09-13 21:35:13 | INFO | {'message': 'I just saw a movie! It was amazing.', 'author': 'Charlie'}
2025-09-13 21:35:13 | INFO | Processed JSON message: {'message': 'I just saw a movie! It was amazing.', 'author': 'Charlie'}
2025-09-13 21:35:13 | INFO | Message received from author: Charlie
2025-09-13 21:35:13 | INFO | Updated author counts: {'Charlie': 3}
2025-09-13 21:35:13 | INFO | Chart updated successfully for message: {"message": "I just saw a movie! It was amazing.", "author": "Charlie"}

2025-09-13 21:35:16 | INFO | {'message': 'I just found a trick! It was weird.', 'author': 'Charlie'}
2025-09-13 21:35:16 | INFO | Processed JSON message: {'message': 'I just found a trick! It was weird.', 'author': 'Charlie'}
2025-09-13 21:35:16 | INFO | Message received from author: Charlie
2025-09-13 21:35:16 | INFO | Updated author counts: {'Charlie': 4}
2025-09-13 21:35:16 | INFO | Chart updated successfully for message: {"message": "I just found a trick! It was weird.", "author": "Charlie"}

2025-09-13 21:35:19 | INFO | {'message': 'I just found an app! It was boring.', 'author': 'Bob'}
2025-09-13 21:35:19 | INFO | Processed JSON message: {'message': 'I just found an app! It was boring.', 'author': 'Bob'}
2025-09-13 21:35:19 | INFO | Message received from author: Bob
2025-09-13 21:35:19 | INFO | Updated author counts: {'Charlie': 4, 'Bob': 1}
2025-09-13 21:35:19 | INFO | Chart updated successfully for message: {"message": "I just found an app! It was boring.", "author": "Bob"}

2025-09-13 21:35:22 | INFO | {'message': 'I just found a meme! It was funny.', 'author': 'Alice'}
2025-09-13 21:35:22 | INFO | Processed JSON message: {'message': 'I just found a meme! It was funny.', 'author': 'Alice'}
2025-09-13 21:35:22 | INFO | Message received from author: Alice
2025-09-13 21:35:22 | INFO | Updated author counts: {'Charlie': 4, 'Bob': 1, 'Alice': 1}
2025-09-13 21:35:22 | INFO | Chart updated successfully for message: {"message": "I just found a meme! It was funny.", "author": "Alice"}

2025-09-13 21:35:25 | INFO | {'message': 'I just shared a trick! It was boring.', 'author': 'Bob'}
2025-09-13 21:35:25 | INFO | Processed JSON message: {'message': 'I just shared a trick! It was boring.', 'author': 'Bob'}
2025-09-13 21:35:25 | INFO | Message received from author: Bob
2025-09-13 21:35:25 | INFO | Updated author counts: {'Charlie': 4, 'Bob': 2, 'Alice': 1}
2025-09-13 21:35:25 | INFO | Chart updated successfully for message: {"message": "I just shared a trick! It was boring.", "author": "Bob"}

2025-09-13 21:35:28 | INFO | {'message': 'I just tried a trick! It was exciting.', 'author': 'Eve'}
2025-09-13 21:35:28 | INFO | Processed JSON message: {'message': 'I just tried a trick! It was exciting.', 'author': 'Eve'}
2025-09-13 21:35:28 | INFO | Message received from author: Eve
2025-09-13 21:35:28 | INFO | Updated author counts: {'Charlie': 4, 'Bob': 2, 'Alice': 1, 'Eve': 1}
2025-09-13 21:35:28 | INFO | Chart updated successfully for message: {"message": "I just tried a trick! It was exciting.", "author": "Eve"}

2025-09-13 21:35:31 | INFO | {'message': 'I just found a trick! It was funny.', 'author': 'Alice'}
2025-09-13 21:35:31 | INFO | Processed JSON message: {'message': 'I just found a trick! It was funny.', 'author': 'Alice'}
2025-09-13 21:35:31 | INFO | Message received from author: Alice
2025-09-13 21:35:31 | INFO | Updated author counts: {'Charlie': 4, 'Bob': 2, 'Alice': 2, 'Eve': 1}
2025-09-13 21:35:31 | INFO | Chart updated successfully for message: {"message": "I just found a trick! It was funny.", "author": "Alice"}

2025-09-13 21:35:34 | INFO | {'message': 'I just loved a trick! It was amazing.', 'author': 'Alice'}
2025-09-13 21:35:34 | INFO | Processed JSON message: {'message': 'I just loved a trick! It was amazing.', 'author': 'Alice'}
2025-09-13 21:35:34 | INFO | Message received from author: Alice
2025-09-13 21:35:34 | INFO | Updated author counts: {'Charlie': 4, 'Bob': 2, 'Alice': 3, 'Eve': 1}
2025-09-13 21:35:34 | INFO | Chart updated successfully for message: {"message": "I just loved a trick! It was amazing.", "author": "Alice"}

2025-09-13 21:35:37 | INFO | {'message': 'I just shared a movie! It was amazing.', 'author': 'Charlie'}
2025-09-13 21:35:37 | INFO | Processed JSON message: {'message': 'I just shared a movie! It was amazing.', 'author': 'Charlie'}
2025-09-13 21:35:37 | INFO | Message received from author: Charlie
2025-09-13 21:35:37 | INFO | Updated author counts: {'Charlie': 5, 'Bob': 2, 'Alice': 3, 'Eve': 1}
2025-09-13 21:35:37 | INFO | Chart updated successfully for message: {"message": "I just shared a movie! It was amazing.", "author": "Charlie"}

2025-09-13 21:35:40 | INFO | {'message': 'I just saw a trick! It was weird.', 'author': 'Eve'}
2025-09-13 21:35:40 | INFO | Processed JSON message: {'message': 'I just saw a trick! It was weird.', 'author': 'Eve'}
2025-09-13 21:35:40 | INFO | Message received from author: Eve
2025-09-13 21:35:40 | INFO | Updated author counts: {'Charlie': 5, 'Bob': 2, 'Alice': 3, 'Eve': 2}
2025-09-13 21:35:40 | INFO | Chart updated successfully for message: {"message": "I just saw a trick! It was weird.", "author": "Eve"}

2025-09-13 21:35:43 | INFO | {'message': 'I just saw an app! It was funny.', 'author': 'Bob'}
2025-09-13 21:35:43 | INFO | Processed JSON message: {'message': 'I just saw an app! It was funny.', 'author': 'Bob'}
2025-09-13 21:35:43 | INFO | Message received from author: Bob
2025-09-13 21:35:43 | INFO | Updated author counts: {'Charlie': 5, 'Bob': 3, 'Alice': 3, 'Eve': 2}
2025-09-13 21:35:43 | INFO | Chart updated successfully for message: {"message": "I just saw an app! It was funny.", "author": "Bob"}

2025-09-13 21:35:46 | INFO | {'message': 'I just found an app! It was boring.', 'author': 'Eve'}
2025-09-13 21:35:46 | INFO | Processed JSON message: {'message': 'I just found an app! It was boring.', 'author': 'Eve'}
2025-09-13 21:35:46 | INFO | Message received from author: Eve
2025-09-13 21:35:46 | INFO | Updated author counts: {'Charlie': 5, 'Bob': 3, 'Alice': 3, 'Eve': 3}
2025-09-13 21:35:46 | INFO | Chart updated successfully for message: {"message": "I just found an app! It was boring.", "author": "Eve"}

2025-09-13 21:35:49 | INFO | {'message': 'I just loved a trick! It was exciting.', 'author': 'Charlie'}
2025-09-13 21:35:49 | INFO | Processed JSON message: {'message': 'I just loved a trick! It was exciting.', 'author': 'Charlie'}
2025-09-13 21:35:49 | INFO | Message received from author: Charlie
2025-09-13 21:35:49 | INFO | Updated author counts: {'Charlie': 6, 'Bob': 3, 'Alice': 3, 'Eve': 3}
2025-09-13 21:35:49 | INFO | Chart updated successfully for message: {"message": "I just loved a trick! It was exciting.", "author": "Charlie"}

2025-09-13 21:35:52 | INFO | {'message': 'I just loved a movie! It was exciting.', 'author': 'Charlie'}
2025-09-13 21:35:52 | INFO | Processed JSON message: {'message': 'I just loved a movie! It was exciting.', 'author': 'Charlie'}
2025-09-13 21:35:52 | INFO | Message received from author: Charlie
2025-09-13 21:35:52 | INFO | Updated author counts: {'Charlie': 7, 'Bob': 3, 'Alice': 3, 'Eve': 3}
2025-09-13 21:35:52 | INFO | Chart updated successfully for message: {"message": "I just loved a movie! It was exciting.", "author": "Charlie"}

2025-09-13 21:35:55 | INFO | {'message': 'I just tried a movie! It was boring.', 'author': 'Charlie'}
2025-09-13 21:35:55 | INFO | Processed JSON message: {'message': 'I just tried a movie! It was boring.', 'author': 'Charlie'}
2025-09-13 21:35:55 | INFO | Message received from author: Charlie
2025-09-13 21:35:55 | INFO | Updated author counts: {'Charlie': 8, 'Bob': 3, 'Alice': 3, 'Eve': 3}
2025-09-13 21:35:55 | INFO | Chart updated successfully for message: {"message": "I just tried a movie! It was boring.", "author": "Charlie"}

2025-09-13 21:35:58 | INFO | {'message': 'I just tried an app! It was weird.', 'author': 'Charlie'}
2025-09-13 21:35:58 | INFO | Processed JSON message: {'message': 'I just tried an app! It was weird.', 'author': 'Charlie'}
2025-09-13 21:35:58 | INFO | Message received from author: Charlie
2025-09-13 21:35:58 | INFO | Updated author counts: {'Charlie': 9, 'Bob': 3, 'Alice': 3, 'Eve': 3}
2025-09-13 21:35:58 | INFO | Chart updated successfully for message: {"message": "I just tried an app! It was weird.", "author": "Charlie"}

2025-09-13 21:36:01 | INFO | {'message': 'I just found a story! It was funny.', 'author': 'Charlie'}
2025-09-13 21:36:01 | INFO | Processed JSON message: {'message': 'I just found a story! It was funny.', 'author': 'Charlie'}
2025-09-13 21:36:01 | INFO | Message received from author: Charlie
2025-09-13 21:36:01 | INFO | Updated author counts: {'Charlie': 10, 'Bob': 3, 'Alice': 3, 'Eve': 3}
2025-09-13 21:36:01 | INFO | Chart updated successfully for message: {"message": "I just found a story! It was funny.", "author": "Charlie"}

2025-09-13 21:36:04 | INFO | {'message': 'I just shared a trick! It was exciting.', 'author': 'Charlie'}
2025-09-13 21:36:04 | INFO | Processed JSON message: {'message': 'I just shared a trick! It was exciting.', 'author': 'Charlie'}
2025-09-13 21:36:04 | INFO | Message received from author: Charlie
2025-09-13 21:36:04 | INFO | Updated author counts: {'Charlie': 11, 'Bob': 3, 'Alice': 3, 'Eve': 3}
2025-09-13 21:36:04 | INFO | Chart updated successfully for message: {"message": "I just shared a trick! It was exciting.", "author": "Charlie"}

2025-09-13 21:36:07 | INFO | {'message': 'I just saw an app! It was exciting.', 'author': 'Charlie'}
2025-09-13 21:36:07 | INFO | Processed JSON message: {'message': 'I just saw an app! It was exciting.', 'author': 'Charlie'}
2025-09-13 21:36:07 | INFO | Message received from author: Charlie
2025-09-13 21:36:07 | INFO | Updated author counts: {'Charlie': 12, 'Bob': 3, 'Alice': 3, 'Eve': 3}
2025-09-13 21:36:07 | INFO | Chart updated successfully for message: {"message": "I just saw an app! It was exciting.", "author": "Charlie"}

2025-09-13 21:36:10 | INFO | {'message': 'I just saw a trick! It was boring.', 'author': 'Charlie'}
2025-09-13 21:36:10 | INFO | Processed JSON message: {'message': 'I just saw a trick! It was boring.', 'author': 'Charlie'}
2025-09-13 21:36:10 | INFO | Message received from author: Charlie
2025-09-13 21:36:10 | INFO | Updated author counts: {'Charlie': 13, 'Bob': 3, 'Alice': 3, 'Eve': 3}
2025-09-13 21:36:10 | INFO | Chart updated successfully for message: {"message": "I just saw a trick! It was boring.", "author": "Charlie"}

2025-09-13 21:36:13 | INFO | {'message': 'I just shared a meme! It was amazing.', 'author': 'Bob'}
2025-09-13 21:36:13 | INFO | Processed JSON message: {'message': 'I just shared a meme! It was amazing.', 'author': 'Bob'}
2025-09-13 21:36:13 | INFO | Message received from author: Bob
2025-09-13 21:36:13 | INFO | Updated author counts: {'Charlie': 13, 'Bob': 4, 'Alice': 3, 'Eve': 3}
2025-09-13 21:36:13 | INFO | Chart updated successfully for message: {"message": "I just shared a meme! It was amazing.", "author": "Bob"}

2025-09-13 21:36:14 | WARNING | Producer interrupted by user.
2025-09-13 21:36:14 | INFO | Producer shutting down.
2025-09-13 21:36:18 | INFO | Consumer interrupted by user.
2025-09-13 21:37:54 | INFO | Logging to file: logs/project_log.log
2025-09-13 21:37:54 | INFO | Log sanitization enabled, personal info removed
2025-09-13 21:37:54 | INFO | Project root: C:/Users/USER/Documents/buzzline-04-anjana
2025-09-13 21:37:54 | INFO | Data folder: C:/Users/USER/Documents/buzzline-04-anjana/data
2025-09-13 21:37:54 | INFO | Data file: C:/Users/USER/Documents/buzzline-04-anjana/data/buzz_live.json
2025-09-13 21:37:54 | INFO | START producer...
2025-09-13 21:37:54 | INFO | Hit CTRL c (or CMD c) to close.
2025-09-13 21:37:54 | INFO | Message interval: 3 seconds
2025-09-13 21:37:54 | INFO | {'message': 'I just loved a trick! It was funny.', 'author': 'Eve'}
2025-09-13 21:37:57 | INFO | {'message': 'I just saw a story! It was boring.', 'author': 'Bob'}
2025-09-13 21:38:00 | INFO | {'message': 'I just tried an app! It was funny.', 'author': 'Alice'}
2025-09-13 21:38:03 | INFO | {'message': 'I just saw a meme! It was amazing.', 'author': 'Charlie'}
2025-09-13 21:38:04 | INFO | Logging to file: logs/project_log.log
2025-09-13 21:38:04 | INFO | Log sanitization enabled, personal info removed
2025-09-13 21:38:04 | INFO | Project root: C:/Users/USER/Documents/buzzline-04-anjana
2025-09-13 21:38:04 | INFO | Data folder: C:/Users/USER/Documents/buzzline-04-anjana/data
2025-09-13 21:38:04 | INFO | Data file: C:/Users/USER/Documents/buzzline-04-anjana/data/buzz_live.json
2025-09-13 21:38:04 | INFO | START consumer.
2025-09-13 21:38:06 | INFO | {'message': 'I just loved a meme! It was weird.', 'author': 'Bob'}
2025-09-13 21:38:06 | INFO | Processed JSON message: {'message': 'I just loved a meme! It was weird.', 'author': 'Bob'}
2025-09-13 21:38:06 | INFO | Message received from author: Bob
2025-09-13 21:38:06 | INFO | Updated author counts: {'Bob': 1}
2025-09-13 21:38:07 | INFO | Chart updated successfully for message: {"message": "I just loved a meme! It was weird.", "author": "Bob"}

2025-09-13 21:38:09 | INFO | {'message': 'I just shared an app! It was boring.', 'author': 'Alice'}
2025-09-13 21:38:09 | INFO | Processed JSON message: {'message': 'I just shared an app! It was boring.', 'author': 'Alice'}
2025-09-13 21:38:09 | INFO | Message received from author: Alice
2025-09-13 21:38:09 | INFO | Updated author counts: {'Bob': 1, 'Alice': 1}
2025-09-13 21:38:09 | INFO | Chart updated successfully for message: {"message": "I just shared an app! It was boring.", "author": "Alice"}

2025-09-13 21:38:12 | INFO | {'message': 'I just found a meme! It was boring.', 'author': 'Alice'}
2025-09-13 21:38:12 | INFO | Processed JSON message: {'message': 'I just found a meme! It was boring.', 'author': 'Alice'}
2025-09-13 21:38:12 | INFO | Message received from author: Alice
2025-09-13 21:38:12 | INFO | Updated author counts: {'Bob': 1, 'Alice': 2}
2025-09-13 21:38:12 | INFO | Chart updated successfully for message: {"message": "I just found a meme! It was boring.", "author": "Alice"}

2025-09-13 21:38:15 | INFO | {'message': 'I just loved a trick! It was weird.', 'author': 'Charlie'}
2025-09-13 21:38:15 | INFO | Processed JSON message: {'message': 'I just loved a trick! It was weird.', 'author': 'Charlie'}
2025-09-13 21:38:15 | INFO | Message received from author: Charlie
2025-09-13 21:38:15 | INFO | Updated author counts: {'Bob': 1, 'Alice': 2, 'Charlie': 1}
2025-09-13 21:38:15 | INFO | Chart updated successfully for message: {"message": "I just loved a trick! It was weird.", "author": "Charlie"}

2025-09-13 21:38:18 | INFO | {'message': 'I just shared a trick! It was funny.', 'author': 'Eve'}
2025-09-13 21:38:18 | INFO | Processed JSON message: {'message': 'I just shared a trick! It was funny.', 'author': 'Eve'}
2025-09-13 21:38:18 | INFO | Message received from author: Eve
2025-09-13 21:38:18 | INFO | Updated author counts: {'Bob': 1, 'Alice': 2, 'Charlie': 1, 'Eve': 1}
2025-09-13 21:38:18 | INFO | Chart updated successfully for message: {"message": "I just shared a trick! It was funny.", "author": "Eve"}

2025-09-13 21:38:21 | INFO | {'message': 'I just saw a trick! It was boring.', 'author': 'Charlie'}
2025-09-13 21:38:21 | INFO | Processed JSON message: {'message': 'I just saw a trick! It was boring.', 'author': 'Charlie'}
2025-09-13 21:38:21 | INFO | Message received from author: Charlie
2025-09-13 21:38:21 | INFO | Updated author counts: {'Bob': 1, 'Alice': 2, 'Charlie': 2, 'Eve': 1}
2025-09-13 21:38:21 | INFO | Chart updated successfully for message: {"message": "I just saw a trick! It was boring.", "author": "Charlie"}

2025-09-13 21:38:24 | INFO | {'message': 'I just saw an app! It was boring.', 'author': 'Bob'}
2025-09-13 21:38:24 | INFO | Processed JSON message: {'message': 'I just saw an app! It was boring.', 'author': 'Bob'}
2025-09-13 21:38:24 | INFO | Message received from author: Bob
2025-09-13 21:38:24 | INFO | Updated author counts: {'Bob': 2, 'Alice': 2, 'Charlie': 2, 'Eve': 1}
2025-09-13 21:38:24 | INFO | Chart updated successfully for message: {"message": "I just saw an app! It was boring.", "author": "Bob"}

2025-09-13 21:38:27 | INFO | {'message': 'I just shared a movie! It was boring.', 'author': 'Alice'}
2025-09-13 21:38:27 | INFO | Processed JSON message: {'message': 'I just shared a movie! It was boring.', 'author': 'Alice'}
2025-09-13 21:38:27 | INFO | Message received from author: Alice
2025-09-13 21:38:27 | INFO | Updated author counts: {'Bob': 2, 'Alice': 3, 'Charlie': 2, 'Eve': 1}
2025-09-13 21:38:27 | INFO | Chart updated successfully for message: {"message": "I just shared a movie! It was boring.", "author": "Alice"}

2025-09-13 21:38:29 | WARNING | Producer interrupted by user.
2025-09-13 21:38:29 | INFO | Producer shutting down.
2025-09-13 21:38:55 | INFO | Consumer interrupted by user.
